<?xml version="1.0" encoding="UTF-8" ?>
<!DOCTYPE mapper PUBLIC "-//mybatis.org//DTD Mapper 3.0//EN" "http://mybatis.org/dtd/mybatis-3-mapper.dtd">
<mapper namespace="com.example.CommonFragments">

    <!-- 通用的SQL片段 -->
    <sql id="userColumns">
        id, name, email, age, status, created_time
    </sql>
    
    <sql id="userBaseWhere">
        <where>
            <if test="name != null and name != ''">
                AND name = #{name}
            </if>
            <if test="status != null">
                AND status = #{status}
            </if>
        </where>
    </sql>

</mapper>